[INFO] Scanning for projects...
[INFO] ------------------------------------------------------------------------
[INFO] Reactor Build Order:
[INFO] 
[INFO] gem1
[INFO] gem2
[INFO] app
[INFO] many_jars_with_embedded_gems_ng
[INFO]                                                                         
[INFO] ------------------------------------------------------------------------
[INFO] Building gem1 1
[INFO] ------------------------------------------------------------------------
[INFO] 
[INFO] --- gem-maven-plugin:1.0.3:initialize (install gems) @ gem1 ---
[INFO] Successfully installed zip-2.0.2
[INFO] 1 gem installed
[INFO] 
[INFO] --- tesla-polyglot-maven-plugin:0.1.1:execute (jrubydir) @ gem1 ---
[INFO] 
[INFO] --- maven-resources-plugin:2.5:resources (default-resources) @ gem1 ---
[debug] execute contextualize
[INFO] Using 'utf-8' encoding to copy filtered resources.
[INFO] skip non existing resourceDirectory /home/christian/projects/active/maven/jruby17uri/maven/jruby/target/it/many_jars_with_embedded_gems_ng/gem1/src/main/resources
[INFO] Copying 42 resources
[INFO] 
[INFO] --- maven-compiler-plugin:2.3.2:compile (default-compile) @ gem1 ---
[INFO] No sources to compile
[INFO] 
[INFO] --- maven-resources-plugin:2.5:testResources (default-testResources) @ gem1 ---
[debug] execute contextualize
[INFO] Using 'utf-8' encoding to copy filtered resources.
[INFO] skip non existing resourceDirectory /home/christian/projects/active/maven/jruby17uri/maven/jruby/target/it/many_jars_with_embedded_gems_ng/gem1/src/test/resources
[INFO] Copying 42 resources
[INFO] 
[INFO] --- maven-compiler-plugin:2.3.2:testCompile (default-testCompile) @ gem1 ---
[INFO] No sources to compile
[INFO] 
[INFO] --- maven-surefire-plugin:2.10:test (default-test) @ gem1 ---
[INFO] Surefire report directory: /home/christian/projects/active/maven/jruby17uri/maven/jruby/target/it/many_jars_with_embedded_gems_ng/gem1/target/surefire-reports

-------------------------------------------------------
 T E S T S
-------------------------------------------------------

Results :

Tests run: 0, Failures: 0, Errors: 0, Skipped: 0

[INFO] 
[INFO] --- maven-jar-plugin:2.3.2:jar (default-jar) @ gem1 ---
[INFO] Building jar: /home/christian/projects/active/maven/jruby17uri/maven/jruby/target/it/many_jars_with_embedded_gems_ng/gem1/target/gem1-1.jar
[INFO] 
[INFO] --- maven-install-plugin:2.3.1:install (default-install) @ gem1 ---
[INFO] Installing /home/christian/projects/active/maven/jruby17uri/maven/jruby/target/it/many_jars_with_embedded_gems_ng/gem1/target/gem1-1.jar to /home/christian/projects/active/maven/jruby17uri/maven/jruby/target/local-repo/org/rubygems/gem1/1/gem1-1.jar
[INFO] Installing /home/christian/projects/active/maven/jruby17uri/maven/jruby/target/it/many_jars_with_embedded_gems_ng/gem1/pom.xml to /home/christian/projects/active/maven/jruby17uri/maven/jruby/target/local-repo/org/rubygems/gem1/1/gem1-1.pom
[INFO]                                                                         
[INFO] ------------------------------------------------------------------------
[INFO] Building gem2 2
[INFO] ------------------------------------------------------------------------
Downloading: file:///usr/local/repository/rubygems/maven-tools/0.34.5/maven-tools-0.34.5.pom
Downloading: http://rubygems-proxy.torquebox.org/releases/rubygems/maven-tools/0.34.5/maven-tools-0.34.5.pom
Downloaded: http://rubygems-proxy.torquebox.org/releases/rubygems/maven-tools/0.34.5/maven-tools-0.34.5.pom (3 KB at 2.7 KB/sec)
Downloading: file:///usr/local/repository/rubygems/virtus/0.5.0/virtus-0.5.0.pom
Downloaded: file:///usr/local/repository/rubygems/virtus/0.5.0/virtus-0.5.0.pom (3 KB at 59.9 KB/sec)
Downloading: file:///usr/local/repository/rubygems/backports/2.6.1/backports-2.6.1.pom
Downloaded: file:///usr/local/repository/rubygems/backports/2.6.1/backports-2.6.1.pom (2 KB at 63.3 KB/sec)
Downloading: file:///usr/local/repository/rubygems/backports/2.6.2/backports-2.6.2.pom
Downloaded: file:///usr/local/repository/rubygems/backports/2.6.2/backports-2.6.2.pom (2 KB at 665.0 KB/sec)
Downloading: file:///usr/local/repository/rubygems/backports/2.6.3/backports-2.6.3.pom
Downloaded: file:///usr/local/repository/rubygems/backports/2.6.3/backports-2.6.3.pom (2 KB at 665.0 KB/sec)
Downloading: file:///usr/local/repository/rubygems/backports/2.6.4/backports-2.6.4.pom
Downloaded: file:///usr/local/repository/rubygems/backports/2.6.4/backports-2.6.4.pom (2 KB at 443.4 KB/sec)
Downloading: file:///usr/local/repository/rubygems/backports/2.6.5/backports-2.6.5.pom
Downloaded: file:///usr/local/repository/rubygems/backports/2.6.5/backports-2.6.5.pom (2 KB at 63.1 KB/sec)
Downloading: file:///usr/local/repository/rubygems/backports/2.6.6/backports-2.6.6.pom
Downloaded: file:///usr/local/repository/rubygems/backports/2.6.6/backports-2.6.6.pom (2 KB at 662.6 KB/sec)
Downloading: file:///usr/local/repository/rubygems/backports/2.6.7/backports-2.6.7.pom
Downloaded: file:///usr/local/repository/rubygems/backports/2.6.7/backports-2.6.7.pom (2 KB at 55.2 KB/sec)
Downloading: file:///usr/local/repository/rubygems/virtus/0.5.1/virtus-0.5.1.pom
Downloaded: file:///usr/local/repository/rubygems/virtus/0.5.1/virtus-0.5.1.pom (3 KB at 97.0 KB/sec)
Downloading: file:///usr/local/repository/rubygems/virtus/0.5.2/virtus-0.5.2.pom
Downloaded: file:///usr/local/repository/rubygems/virtus/0.5.2/virtus-0.5.2.pom (3 KB at 678.7 KB/sec)
Downloading: file:///usr/local/repository/rubygems/virtus/0.5.3/virtus-0.5.3.pom
Downloaded: file:///usr/local/repository/rubygems/virtus/0.5.3/virtus-0.5.3.pom (3 KB at 1007.8 KB/sec)
Downloading: file:///usr/local/repository/rubygems/virtus/0.5.4/virtus-0.5.4.pom
Downloaded: file:///usr/local/repository/rubygems/virtus/0.5.4/virtus-0.5.4.pom (2 KB at 816.4 KB/sec)
Downloading: file:///usr/local/repository/rubygems/maven-tools/0.34.5/maven-tools-0.34.5.gem
Downloading: http://rubygems-proxy.torquebox.org/releases/rubygems/maven-tools/0.34.5/maven-tools-0.34.5.gem
Downloading: http://rubygems-proxy.torquebox.org/releases/rubygems/virtus/0.5.5/virtus-0.5.5.gem
Downloaded: http://rubygems-proxy.torquebox.org/releases/rubygems/virtus/0.5.5/virtus-0.5.5.gem (0 B at 0.0 KB/sec)
Downloaded: http://rubygems-proxy.torquebox.org/releases/rubygems/maven-tools/0.34.5/maven-tools-0.34.5.gem (49 KB at 27.5 KB/sec)
[INFO] 
[INFO] --- gem-maven-plugin:1.0.3:initialize (install gems) @ gem2 ---
[INFO] Successfully installed maven-tools-0.34.5
[INFO] Successfully installed virtus-0.5.5
[INFO] Successfully installed backports-3.6.0
[INFO] Successfully installed descendants_tracker-0.0.4
[INFO] Successfully installed thread_safe-0.3.4-java
[INFO] 5 gems installed
[INFO] 
[INFO] --- tesla-polyglot-maven-plugin:0.1.1:execute (jrubydir) @ gem2 ---
[INFO] 
[INFO] --- maven-resources-plugin:2.5:resources (default-resources) @ gem2 ---
[debug] execute contextualize
[INFO] Using 'utf-8' encoding to copy filtered resources.
[INFO] skip non existing resourceDirectory /home/christian/projects/active/maven/jruby17uri/maven/jruby/target/it/many_jars_with_embedded_gems_ng/gem2/src/main/resources
[INFO] Copying 1193 resources
[INFO] 
[INFO] --- maven-compiler-plugin:2.3.2:compile (default-compile) @ gem2 ---
[INFO] No sources to compile
[INFO] 
[INFO] --- maven-resources-plugin:2.5:testResources (default-testResources) @ gem2 ---
[debug] execute contextualize
[INFO] Using 'utf-8' encoding to copy filtered resources.
[INFO] skip non existing resourceDirectory /home/christian/projects/active/maven/jruby17uri/maven/jruby/target/it/many_jars_with_embedded_gems_ng/gem2/src/test/resources
[INFO] Copying 1193 resources
[INFO] 
[INFO] --- maven-compiler-plugin:2.3.2:testCompile (default-testCompile) @ gem2 ---
[INFO] No sources to compile
[INFO] 
[INFO] --- maven-surefire-plugin:2.10:test (default-test) @ gem2 ---
[INFO] Surefire report directory: /home/christian/projects/active/maven/jruby17uri/maven/jruby/target/it/many_jars_with_embedded_gems_ng/gem2/target/surefire-reports

-------------------------------------------------------
 T E S T S
-------------------------------------------------------

Results :

Tests run: 0, Failures: 0, Errors: 0, Skipped: 0

[INFO] 
[INFO] --- maven-jar-plugin:2.3.2:jar (default-jar) @ gem2 ---
[INFO] Building jar: /home/christian/projects/active/maven/jruby17uri/maven/jruby/target/it/many_jars_with_embedded_gems_ng/gem2/target/gem2-2.jar
[INFO] 
[INFO] --- maven-install-plugin:2.3.1:install (default-install) @ gem2 ---
[INFO] Installing /home/christian/projects/active/maven/jruby17uri/maven/jruby/target/it/many_jars_with_embedded_gems_ng/gem2/target/gem2-2.jar to /home/christian/projects/active/maven/jruby17uri/maven/jruby/target/local-repo/org/rubygems/gem2/2/gem2-2.jar
[INFO] Installing /home/christian/projects/active/maven/jruby17uri/maven/jruby/target/it/many_jars_with_embedded_gems_ng/gem2/pom.xml to /home/christian/projects/active/maven/jruby17uri/maven/jruby/target/local-repo/org/rubygems/gem2/2/gem2-2.pom
[INFO]                                                                         
[INFO] ------------------------------------------------------------------------
[INFO] Building app 0.0.0
[INFO] ------------------------------------------------------------------------
[INFO] 
[INFO] --- maven-resources-plugin:2.5:resources (default-resources) @ app ---
[debug] execute contextualize
[WARNING] Using platform encoding (UTF-8 actually) to copy filtered resources, i.e. build is platform dependent!
[INFO] Copying 1 resource
[INFO] 
[INFO] --- maven-compiler-plugin:2.3.2:compile (default-compile) @ app ---
[INFO] No sources to compile
[INFO] 
[INFO] --- maven-resources-plugin:2.5:testResources (default-testResources) @ app ---
[debug] execute contextualize
[WARNING] Using platform encoding (UTF-8 actually) to copy filtered resources, i.e. build is platform dependent!
[INFO] skip non existing resourceDirectory /home/christian/projects/active/maven/jruby17uri/maven/jruby/target/it/many_jars_with_embedded_gems_ng/app/src/test/resources
[INFO] 
[INFO] --- maven-compiler-plugin:2.3.2:testCompile (default-testCompile) @ app ---
[WARNING] File encoding has not been set, using platform encoding UTF-8, i.e. build is platform dependent!
[INFO] Compiling 1 source file to /home/christian/projects/active/maven/jruby17uri/maven/jruby/target/it/many_jars_with_embedded_gems_ng/app/target/test-classes
[INFO] 
[INFO] --- maven-surefire-plugin:2.10:test (default-test) @ app ---
[INFO] Surefire report directory: /home/christian/projects/active/maven/jruby17uri/maven/jruby/target/it/many_jars_with_embedded_gems_ng/app/target/surefire-reports

-------------------------------------------------------
 T E S T S
-------------------------------------------------------
Running org.example.SimpleTest
Tests run: 1, Failures: 0, Errors: 0, Skipped: 0, Time elapsed: 6.779 sec

Results :

Tests run: 1, Failures: 0, Errors: 0, Skipped: 0

[INFO] 
[INFO] --- maven-jar-plugin:2.3.2:jar (default-jar) @ app ---
[INFO] Building jar: /home/christian/projects/active/maven/jruby17uri/maven/jruby/target/it/many_jars_with_embedded_gems_ng/app/target/app-0.0.0.jar
[INFO] 
[INFO] --- maven-install-plugin:2.3.1:install (default-install) @ app ---
[INFO] Installing /home/christian/projects/active/maven/jruby17uri/maven/jruby/target/it/many_jars_with_embedded_gems_ng/app/target/app-0.0.0.jar to /home/christian/projects/active/maven/jruby17uri/maven/jruby/target/local-repo/no_group_id_given/app/0.0.0/app-0.0.0.jar
[INFO] Installing /home/christian/projects/active/maven/jruby17uri/maven/jruby/target/it/many_jars_with_embedded_gems_ng/app/pom.xml to /home/christian/projects/active/maven/jruby17uri/maven/jruby/target/local-repo/no_group_id_given/app/0.0.0/app-0.0.0.pom
[INFO]                                                                         
[INFO] ------------------------------------------------------------------------
[INFO] Building many_jars_with_embedded_gems_ng 0.0.0
[INFO] ------------------------------------------------------------------------
[INFO] 
[INFO] --- maven-install-plugin:2.3.1:install (default-install) @ many_jars_with_embedded_gems_ng ---
[INFO] Installing /home/christian/projects/active/maven/jruby17uri/maven/jruby/target/it/many_jars_with_embedded_gems_ng/pom.xml to /home/christian/projects/active/maven/jruby17uri/maven/jruby/target/local-repo/no_group_id_given/many_jars_with_embedded_gems_ng/0.0.0/many_jars_with_embedded_gems_ng-0.0.0.pom
[INFO] ------------------------------------------------------------------------
[INFO] Reactor Summary:
[INFO] 
[INFO] gem1 .............................................. SUCCESS [19.307s]
[INFO] gem2 .............................................. SUCCESS [26.001s]
[INFO] app ............................................... SUCCESS [8.152s]
[INFO] many_jars_with_embedded_gems_ng ................... SUCCESS [0.120s]
[INFO] ------------------------------------------------------------------------
[INFO] BUILD SUCCESS
[INFO] ------------------------------------------------------------------------
[INFO] Total time: 53.859s
[INFO] Finished at: Wed Aug 13 08:32:18 CEST 2014
[INFO] Final Memory: 35M/405M
[INFO] ------------------------------------------------------------------------
