[INFO] Scanning for projects...
[INFO] ------------------------------------------------------------------------
[INFO] Reactor Build Order:
[INFO] 
[INFO] zip_gem
[INFO] app
[INFO] many_jars_with_embedded_gems
[INFO]                                                                         
[INFO] ------------------------------------------------------------------------
[INFO] Building zip_gem 2.0.2
[INFO] ------------------------------------------------------------------------
[INFO] 
[INFO] --- gem-maven-plugin:1.0.3:initialize (install gems) @ zip ---
[INFO] Successfully installed zip-2.0.2
[INFO] 1 gem installed
[INFO] 
[INFO] --- maven-resources-plugin:2.5:resources (default-resources) @ zip ---
[debug] execute contextualize
[INFO] Using 'utf-8' encoding to copy filtered resources.
[INFO] skip non existing resourceDirectory /home/christian/projects/active/maven/jruby17uri/maven/jruby/target/it/many_jars_with_embedded_gems/zip_gem/src/main/resources
[INFO] Copying 34 resources
[INFO] 
[INFO] --- maven-compiler-plugin:2.3.2:compile (default-compile) @ zip ---
[INFO] No sources to compile
[INFO] 
[INFO] --- maven-resources-plugin:2.5:testResources (default-testResources) @ zip ---
[debug] execute contextualize
[INFO] Using 'utf-8' encoding to copy filtered resources.
[INFO] skip non existing resourceDirectory /home/christian/projects/active/maven/jruby17uri/maven/jruby/target/it/many_jars_with_embedded_gems/zip_gem/src/test/resources
[INFO] Copying 34 resources
[INFO] 
[INFO] --- maven-compiler-plugin:2.3.2:testCompile (default-testCompile) @ zip ---
[INFO] No sources to compile
[INFO] 
[INFO] --- maven-surefire-plugin:2.10:test (default-test) @ zip ---
[INFO] Surefire report directory: /home/christian/projects/active/maven/jruby17uri/maven/jruby/target/it/many_jars_with_embedded_gems/zip_gem/target/surefire-reports

-------------------------------------------------------
 T E S T S
-------------------------------------------------------

Results :

Tests run: 0, Failures: 0, Errors: 0, Skipped: 0

[INFO] 
[INFO] --- maven-jar-plugin:2.3.2:jar (default-jar) @ zip ---
[INFO] Building jar: /home/christian/projects/active/maven/jruby17uri/maven/jruby/target/it/many_jars_with_embedded_gems/zip_gem/target/zip-2.0.2.jar
[INFO] 
[INFO] --- maven-install-plugin:2.3.1:install (default-install) @ zip ---
[INFO] Installing /home/christian/projects/active/maven/jruby17uri/maven/jruby/target/it/many_jars_with_embedded_gems/zip_gem/target/zip-2.0.2.jar to /home/christian/projects/active/maven/jruby17uri/maven/jruby/target/local-repo/org/rubygems/zip/2.0.2/zip-2.0.2.jar
[INFO] Installing /home/christian/projects/active/maven/jruby17uri/maven/jruby/target/it/many_jars_with_embedded_gems/zip_gem/pom.xml to /home/christian/projects/active/maven/jruby17uri/maven/jruby/target/local-repo/org/rubygems/zip/2.0.2/zip-2.0.2.pom
[INFO]                                                                         
[INFO] ------------------------------------------------------------------------
[INFO] Building app 0.0.0
[INFO] ------------------------------------------------------------------------
[INFO] 
[INFO] --- maven-resources-plugin:2.5:resources (default-resources) @ app ---
[debug] execute contextualize
[WARNING] Using platform encoding (UTF-8 actually) to copy filtered resources, i.e. build is platform dependent!
[INFO] Copying 1 resource
[INFO] 
[INFO] --- maven-compiler-plugin:2.3.2:compile (default-compile) @ app ---
[INFO] No sources to compile
[INFO] 
[INFO] --- maven-resources-plugin:2.5:testResources (default-testResources) @ app ---
[debug] execute contextualize
[WARNING] Using platform encoding (UTF-8 actually) to copy filtered resources, i.e. build is platform dependent!
[INFO] skip non existing resourceDirectory /home/christian/projects/active/maven/jruby17uri/maven/jruby/target/it/many_jars_with_embedded_gems/app/src/test/resources
[INFO] 
[INFO] --- maven-compiler-plugin:2.3.2:testCompile (default-testCompile) @ app ---
[WARNING] File encoding has not been set, using platform encoding UTF-8, i.e. build is platform dependent!
[INFO] Compiling 2 source files to /home/christian/projects/active/maven/jruby17uri/maven/jruby/target/it/many_jars_with_embedded_gems/app/target/test-classes
[INFO] 
[INFO] --- maven-surefire-plugin:2.10:test (default-test) @ app ---
[INFO] Surefire report directory: /home/christian/projects/active/maven/jruby17uri/maven/jruby/target/it/many_jars_with_embedded_gems/app/target/surefire-reports

-------------------------------------------------------
 T E S T S
-------------------------------------------------------
Running org.example.SimpleTest
Tests run: 1, Failures: 0, Errors: 0, Skipped: 0, Time elapsed: 13.788 sec
Running org.example.JavaxTest
Tests run: 1, Failures: 0, Errors: 0, Skipped: 0, Time elapsed: 0.027 sec

Results :

Tests run: 2, Failures: 0, Errors: 0, Skipped: 0

[INFO] 
[INFO] --- maven-jar-plugin:2.3.2:jar (default-jar) @ app ---
[INFO] Building jar: /home/christian/projects/active/maven/jruby17uri/maven/jruby/target/it/many_jars_with_embedded_gems/app/target/app-0.0.0.jar
[INFO] 
[INFO] --- maven-install-plugin:2.3.1:install (default-install) @ app ---
[INFO] Installing /home/christian/projects/active/maven/jruby17uri/maven/jruby/target/it/many_jars_with_embedded_gems/app/target/app-0.0.0.jar to /home/christian/projects/active/maven/jruby17uri/maven/jruby/target/local-repo/no_group_id_given/app/0.0.0/app-0.0.0.jar
[INFO] Installing /home/christian/projects/active/maven/jruby17uri/maven/jruby/target/it/many_jars_with_embedded_gems/app/pom.xml to /home/christian/projects/active/maven/jruby17uri/maven/jruby/target/local-repo/no_group_id_given/app/0.0.0/app-0.0.0.pom
[INFO]                                                                         
[INFO] ------------------------------------------------------------------------
[INFO] Building many_jars_with_embedded_gems 0.0.0
[INFO] ------------------------------------------------------------------------
[INFO] 
[INFO] --- maven-install-plugin:2.3.1:install (default-install) @ many_jars_with_embedded_gems ---
[INFO] Installing /home/christian/projects/active/maven/jruby17uri/maven/jruby/target/it/many_jars_with_embedded_gems/pom.xml to /home/christian/projects/active/maven/jruby17uri/maven/jruby/target/local-repo/no_group_id_given/many_jars_with_embedded_gems/0.0.0/many_jars_with_embedded_gems-0.0.0.pom
[INFO] ------------------------------------------------------------------------
[INFO] Reactor Summary:
[INFO] 
[INFO] zip_gem ........................................... SUCCESS [16.563s]
[INFO] app ............................................... SUCCESS [16.174s]
[INFO] many_jars_with_embedded_gems ...................... SUCCESS [0.004s]
[INFO] ------------------------------------------------------------------------
[INFO] BUILD SUCCESS
[INFO] ------------------------------------------------------------------------
[INFO] Total time: 33.018s
[INFO] Finished at: Wed Aug 13 08:31:22 CEST 2014
[INFO] Final Memory: 14M/150M
[INFO] ------------------------------------------------------------------------
